<?xml version="1.0" encoding="UTF-8"?>
<!-- Generated by org.testng.reporters.JUnitReportReporter -->
<testsuite hostname="Dharanidhar-PC" failures="0" tests="2" name="cucumber.TestNGTestRunnerCucumber" time="19.550" errors="0" timestamp="2025-07-06T16:24:19 IST" skipped="0">
  <testcase classname="cucumber.TestNGTestRunnerCucumber" name="runScenario" time="9.312"/>
  <testcase classname="cucumber.TestNGTestRunnerCucumber" name="runScenario" time="10.238"/>
</testsuite> <!-- cucumber.TestNGTestRunnerCucumber -->
