<?xml version="1.0" encoding="UTF-8"?>
<!-- Generated by org.testng.reporters.JUnitReportReporter -->
<testsuite hostname="Dharanidhar-PC" failures="0" tests="2" name="Order.test.StandAloneTest" time="16.222" errors="0" timestamp="2025-07-06T15:29:47 IST" skipped="0">
  <testcase classname="Order.test.StandAloneTest" name="SubmitOrderTest" time="7.324"/>
  <testcase classname="Order.test.StandAloneTest" name="SubmitOrderTest" time="8.898"/>
</testsuite> <!-- Order.test.StandAloneTest -->
