<?xml version="1.0" encoding="UTF-8"?>
<!-- Generated by org.testng.reporters.JUnitReportReporter -->
<testsuite hostname="Dharanidhar-PC" failures="0" tests="2" name="cucumber.TestNGTestRunnerCucumber" time="19.478" errors="0" timestamp="2025-07-06T16:28:01 IST" skipped="0">
  <testcase classname="cucumber.TestNGTestRunnerCucumber" name="runScenario" time="8.958"/>
  <testcase classname="cucumber.TestNGTestRunnerCucumber" name="runScenario" time="10.520"/>
</testsuite> <!-- cucumber.TestNGTestRunnerCucumber -->
